Command line:
   tb_isim_beh.exe
     -simmode  gui
     -simrunnum  0
     -socket  51769

Sat Dec 19 12:31:07 2020


 Elaboration Time: 0.03125 sec

 Current Memory Usage: 5175.38 Meg

 Total Signals          : 19
 Total Nets             : 119
 Total Signal Drivers   : 11
 Total Blocks           : 3
 Total Primitive Blocks : 2
 Total Processes        : 15
 Total Traceable Variables  : 24
 Total Scalar Nets and Variables : 305
Total Line Count : 50

 Total Simulation Time: 0.09375 sec

 Current Memory Usage: 4703.52 Meg

Sat Dec 19 13:09:13 2020

