Command line:
   tb_isim_beh.exe
     -simmode  gui
     -simrunnum  0
     -socket  54988

Sun Dec 13 13:23:49 2020


 Elaboration Time: 0.125 sec

 Current Memory Usage: 5512.52 Meg

 Total Signals          : 20
 Total Nets             : 47
 Total Signal Drivers   : 11
 Total Blocks           : 3
 Total Primitive Blocks : 2
 Total Processes        : 17
 Total Traceable Variables  : 22
 Total Scalar Nets and Variables : 145
Total Line Count : 25

 Total Simulation Time: 0.140625 sec

 Current Memory Usage: 5040.63 Meg

Sun Dec 13 13:25:56 2020

